<?xml version="1.0" encoding="UTF-8"?>
<!-- Generated by org.testng.reporters.JUnitXMLReporter -->
<testsuite hostname="LAPTOP-PRKDESPI" ignored="0" name="app" tests="1" failures="1" timestamp="27 Mar 2019 17:03:32 GMT" time="76.896" errors="0">
  <testcase name="LoginTest" time="9.263" classname="com.qa.Testcases.TC_LoginTest_001">
    <failure type="java.lang.AssertionError" message="expected [true] but found [false]">
      <![CDATA[java.lang.AssertionError: expected [true] but found [false]
at com.qa.Testcases.TC_LoginTest_001.LoginTest(TC_LoginTest_001.java:32)
... Removed 29 stack frames]]>
    </failure>
  </testcase> <!-- LoginTest -->
</testsuite> <!-- app -->
