<?xml version="1.0" encoding="UTF-8"?>
<testng-results skipped="0" failed="0" ignored="0" total="1" passed="1">
  <reporter-output>
  </reporter-output>
  <suite name="banking" duration-ms="156177" started-at="2019-03-29T16:36:38Z" finished-at="2019-03-29T16:39:14Z">
    <groups>
    </groups>
    <test name="tapp" duration-ms="156177" started-at="2019-03-29T16:36:38Z" finished-at="2019-03-29T16:39:14Z">
      <class name="com.qa.Testcases.TC_LoginTest_001">
        <test-method status="PASS" signature="setup(java.lang.String)[pri:0, instance:com.qa.Testcases.TC_LoginTest_001@5b464ce8]" name="setup" is-config="true" duration-ms="136282" started-at="2019-03-29T16:36:38Z" finished-at="2019-03-29T16:38:54Z">
          <params>
            <param index="0">
              <value>
                <![CDATA[chrome]]>
              </value>
            </param>
          </params>
          <reporter-output>
          </reporter-output>
        </test-method> <!-- setup -->
        <test-method status="PASS" signature="LoginTest()[pri:0, instance:com.qa.Testcases.TC_LoginTest_001@5b464ce8]" name="LoginTest" duration-ms="18208" started-at="2019-03-29T16:38:54Z" finished-at="2019-03-29T16:39:13Z">
          <reporter-output>
          </reporter-output>
        </test-method> <!-- LoginTest -->
        <test-method status="PASS" signature="close()[pri:0, instance:com.qa.Testcases.TC_LoginTest_001@5b464ce8]" name="close" is-config="true" duration-ms="1394" started-at="2019-03-29T16:39:13Z" finished-at="2019-03-29T16:39:14Z">
          <reporter-output>
          </reporter-output>
        </test-method> <!-- close -->
      </class> <!-- com.qa.Testcases.TC_LoginTest_001 -->
    </test> <!-- tapp -->
  </suite> <!-- banking -->
</testng-results>
