<?xml version="1.0" encoding="UTF-8"?>
<testng-results skipped="0" failed="0" ignored="0" total="1" passed="1">
  <reporter-output>
  </reporter-output>
  <suite name="banking" duration-ms="83462" started-at="2019-04-09T12:00:05Z" finished-at="2019-04-09T12:01:28Z">
    <groups>
    </groups>
    <test name="tapp" duration-ms="83462" started-at="2019-04-09T12:00:05Z" finished-at="2019-04-09T12:01:28Z">
      <class name="com.qa.Testcases.TC_AddCustomer_002">
        <test-method status="PASS" signature="setup(java.lang.String)[pri:0, instance:com.qa.Testcases.TC_AddCustomer_002@19dfb72a]" name="setup" is-config="true" duration-ms="42428" started-at="2019-04-09T12:00:05Z" finished-at="2019-04-09T12:00:47Z">
          <params>
            <param index="0">
              <value>
                <![CDATA[chrome]]>
              </value>
            </param>
          </params>
          <reporter-output>
          </reporter-output>
        </test-method> <!-- setup -->
        <test-method status="PASS" signature="addnewcust()[pri:0, instance:com.qa.Testcases.TC_AddCustomer_002@19dfb72a]" name="addnewcust" duration-ms="39574" started-at="2019-04-09T12:00:47Z" finished-at="2019-04-09T12:01:27Z">
          <reporter-output>
          </reporter-output>
        </test-method> <!-- addnewcust -->
        <test-method status="PASS" signature="close()[pri:0, instance:com.qa.Testcases.TC_AddCustomer_002@19dfb72a]" name="close" is-config="true" duration-ms="1347" started-at="2019-04-09T12:01:27Z" finished-at="2019-04-09T12:01:28Z">
          <reporter-output>
          </reporter-output>
        </test-method> <!-- close -->
      </class> <!-- com.qa.Testcases.TC_AddCustomer_002 -->
    </test> <!-- tapp -->
  </suite> <!-- banking -->
</testng-results>
