<?xml version="1.0" encoding="UTF-8"?>
<testng-results skipped="0" failed="0" ignored="0" total="1" passed="1">
  <reporter-output>
  </reporter-output>
  <suite name="banking" duration-ms="58519" started-at="2019-03-28T10:36:59Z" finished-at="2019-03-28T10:37:58Z">
    <groups>
    </groups>
    <test name="tapp" duration-ms="58519" started-at="2019-03-28T10:36:59Z" finished-at="2019-03-28T10:37:58Z">
      <class name="com.qa.Testcases.TC_LoginTest_001">
        <test-method status="PASS" signature="setup(java.lang.String)[pri:0, instance:com.qa.Testcases.TC_LoginTest_001@42e26948]" name="setup" is-config="true" duration-ms="44308" started-at="2019-03-28T10:36:59Z" finished-at="2019-03-28T10:37:44Z">
          <params>
            <param index="0">
              <value>
                <![CDATA[chrome]]>
              </value>
            </param>
          </params>
          <reporter-output>
          </reporter-output>
        </test-method> <!-- setup -->
        <test-method status="PASS" signature="LoginTest()[pri:0, instance:com.qa.Testcases.TC_LoginTest_001@42e26948]" name="LoginTest" duration-ms="12811" started-at="2019-03-28T10:37:44Z" finished-at="2019-03-28T10:37:57Z">
          <reporter-output>
          </reporter-output>
        </test-method> <!-- LoginTest -->
        <test-method status="PASS" signature="close()[pri:0, instance:com.qa.Testcases.TC_LoginTest_001@42e26948]" name="close" is-config="true" duration-ms="1297" started-at="2019-03-28T10:37:57Z" finished-at="2019-03-28T10:37:58Z">
          <reporter-output>
          </reporter-output>
        </test-method> <!-- close -->
      </class> <!-- com.qa.Testcases.TC_LoginTest_001 -->
    </test> <!-- tapp -->
  </suite> <!-- banking -->
</testng-results>
